{
  "/home/genia/devops/examples/tsjs/debug/my-first-project/src/app/app-routing.module.ts": {
    "path": "/home/genia/devops/examples/tsjs/debug/my-first-project/src/app/app-routing.module.ts",
    "statementMap": {
      "0": {
        "start": {
          "line": 4,
          "column": 15
        },
        "end": {
          "line": 4,
          "column": 17
        }
      },
      "1": {
        "start": {
          "line": 6,
          "column": 0
        },
        "end": {
          "line": 8,
          "column": 2
        }
      },
      "2": {
        "start": {
          "line": 7,
          "column": 2
        },
        "end": {
          "line": 7,
          "column": 39
        }
      },
      "3": {
        "start": {
          "line": 9,
          "column": 0
        },
        "end": {
          "line": 11,
          "column": 3
        }
      },
      "4": {
        "start": {
          "line": 12,
          "column": 0
        },
        "end": {
          "line": 14,
          "column": 3
        }
      }
    },
    "fnMap": {
      "0": {
        "name": "AppRoutingModule_Factory",
        "decl": {
          "start": {
            "line": 6,
            "column": 33
          },
          "end": {
            "line": 6,
            "column": 57
          }
        },
        "loc": {
          "start": {
            "line": 6,
            "column": 61
          },
          "end": {
            "line": 8,
            "column": 1
          }
        },
        "line": 6
      }
    },
    "branchMap": {
      "0": {
        "loc": {
          "start": {
            "line": 7,
            "column": 14
          },
          "end": {
            "line": 7,
            "column": 35
          }
        },
        "type": "binary-expr",
        "locations": [
          {
            "start": {
              "line": 7,
              "column": 14
            },
            "end": {
              "line": 7,
              "column": 15
            }
          },
          {
            "start": {
              "line": 7,
              "column": 19
            },
            "end": {
              "line": 7,
              "column": 35
            }
          }
        ],
        "line": 7
      }
    },
    "s": {
      "0": 2,
      "1": 2,
      "2": 2,
      "3": 2,
      "4": 2
    },
    "f": {
      "0": 2
    },
    "b": {
      "0": [
        2,
        2
      ]
    },
    "inputSourceMap": {
      "version": 3,
      "mappings": "AACA,SAASA,YAAY,QAAgB,iBAAiB;;;AAEtD,MAAMC,MAAM,GAAW,EAAE;AAMzB,OAAM,MAAOC,gBAAgB;AAAhBA,gBAAgB;mBAAhBA,gBAAgB;AAAA;AAAhBA,gBAAgB;QAAhBA;AAAgB;AAAhBA,gBAAgB;YAHjBF,YAAY,CAACG,OAAO,CAACF,MAAM,CAAC,EAC5BD,YAAY;AAAA",
      "names": [
        "RouterModule",
        "routes",
        "AppRoutingModule",
        "forRoot"
      ],
      "sourceRoot": "",
      "sources": [
        "/home/genia/devops/examples/tsjs/debug/my-first-project/src/app/app-routing.module.ts"
      ],
      "sourcesContent": [
        "import { NgModule } from '@angular/core';\nimport { RouterModule, Routes } from '@angular/router';\n\nconst routes: Routes = [];\n\n@NgModule({\n  imports: [RouterModule.forRoot(routes)],\n  exports: [RouterModule]\n})\nexport class AppRoutingModule { }\n"
      ]
    },
    "_coverageSchema": "1a1c01bbd47fc00a2c39e90264f33305004495a9",
    "hash": "47f208a36b7cbaf39e5a1912809a9d36ee48085f"
  },
  "/home/genia/devops/examples/tsjs/debug/my-first-project/src/app/app.component.ts": {
    "path": "/home/genia/devops/examples/tsjs/debug/my-first-project/src/app/app.component.ts",
    "statementMap": {
      "0": {
        "start": {
          "line": 5,
          "column": 2
        },
        "end": {
          "line": 9,
          "column": 3
        }
      },
      "1": {
        "start": {
          "line": 6,
          "column": 4
        },
        "end": {
          "line": 6,
          "column": 32
        }
      },
      "2": {
        "start": {
          "line": 7,
          "column": 4
        },
        "end": {
          "line": 7,
          "column": 46
        }
      },
      "3": {
        "start": {
          "line": 8,
          "column": 4
        },
        "end": {
          "line": 8,
          "column": 22
        }
      },
      "4": {
        "start": {
          "line": 12,
          "column": 2
        },
        "end": {
          "line": 16,
          "column": 3
        }
      },
      "5": {
        "start": {
          "line": 13,
          "column": 4
        },
        "end": {
          "line": 13,
          "column": 32
        }
      },
      "6": {
        "start": {
          "line": 14,
          "column": 4
        },
        "end": {
          "line": 14,
          "column": 45
        }
      },
      "7": {
        "start": {
          "line": 15,
          "column": 4
        },
        "end": {
          "line": 15,
          "column": 22
        }
      },
      "8": {
        "start": {
          "line": 19,
          "column": 2
        },
        "end": {
          "line": 23,
          "column": 3
        }
      },
      "9": {
        "start": {
          "line": 20,
          "column": 4
        },
        "end": {
          "line": 20,
          "column": 32
        }
      },
      "10": {
        "start": {
          "line": 21,
          "column": 4
        },
        "end": {
          "line": 21,
          "column": 40
        }
      },
      "11": {
        "start": {
          "line": 22,
          "column": 4
        },
        "end": {
          "line": 22,
          "column": 22
        }
      },
      "12": {
        "start": {
          "line": 26,
          "column": 2
        },
        "end": {
          "line": 30,
          "column": 3
        }
      },
      "13": {
        "start": {
          "line": 27,
          "column": 4
        },
        "end": {
          "line": 27,
          "column": 32
        }
      },
      "14": {
        "start": {
          "line": 28,
          "column": 4
        },
        "end": {
          "line": 28,
          "column": 33
        }
      },
      "15": {
        "start": {
          "line": 29,
          "column": 4
        },
        "end": {
          "line": 29,
          "column": 22
        }
      },
      "16": {
        "start": {
          "line": 33,
          "column": 2
        },
        "end": {
          "line": 37,
          "column": 3
        }
      },
      "17": {
        "start": {
          "line": 34,
          "column": 4
        },
        "end": {
          "line": 34,
          "column": 32
        }
      },
      "18": {
        "start": {
          "line": 35,
          "column": 4
        },
        "end": {
          "line": 35,
          "column": 28
        }
      },
      "19": {
        "start": {
          "line": 36,
          "column": 4
        },
        "end": {
          "line": 36,
          "column": 22
        }
      },
      "20": {
        "start": {
          "line": 40,
          "column": 2
        },
        "end": {
          "line": 44,
          "column": 3
        }
      },
      "21": {
        "start": {
          "line": 41,
          "column": 4
        },
        "end": {
          "line": 41,
          "column": 32
        }
      },
      "22": {
        "start": {
          "line": 42,
          "column": 4
        },
        "end": {
          "line": 42,
          "column": 29
        }
      },
      "23": {
        "start": {
          "line": 43,
          "column": 4
        },
        "end": {
          "line": 43,
          "column": 22
        }
      },
      "24": {
        "start": {
          "line": 48,
          "column": 4
        },
        "end": {
          "line": 48,
          "column": 36
        }
      },
      "25": {
        "start": {
          "line": 51,
          "column": 0
        },
        "end": {
          "line": 53,
          "column": 2
        }
      },
      "26": {
        "start": {
          "line": 52,
          "column": 2
        },
        "end": {
          "line": 52,
          "column": 35
        }
      },
      "27": {
        "start": {
          "line": 54,
          "column": 0
        },
        "end": {
          "line": 341,
          "column": 3
        }
      },
      "28": {
        "start": {
          "line": 61,
          "column": 4
        },
        "end": {
          "line": 320,
          "column": 5
        }
      },
      "29": {
        "start": {
          "line": 62,
          "column": 18
        },
        "end": {
          "line": 62,
          "column": 39
        }
      },
      "30": {
        "start": {
          "line": 63,
          "column": 6
        },
        "end": {
          "line": 63,
          "column": 37
        }
      },
      "31": {
        "start": {
          "line": 64,
          "column": 6
        },
        "end": {
          "line": 64,
          "column": 32
        }
      },
      "32": {
        "start": {
          "line": 65,
          "column": 6
        },
        "end": {
          "line": 65,
          "column": 35
        }
      },
      "33": {
        "start": {
          "line": 66,
          "column": 6
        },
        "end": {
          "line": 66,
          "column": 30
        }
      },
      "34": {
        "start": {
          "line": 67,
          "column": 6
        },
        "end": {
          "line": 67,
          "column": 24
        }
      },
      "35": {
        "start": {
          "line": 68,
          "column": 6
        },
        "end": {
          "line": 68,
          "column": 32
        }
      },
      "36": {
        "start": {
          "line": 69,
          "column": 6
        },
        "end": {
          "line": 69,
          "column": 35
        }
      },
      "37": {
        "start": {
          "line": 70,
          "column": 6
        },
        "end": {
          "line": 70,
          "column": 26
        }
      },
      "38": {
        "start": {
          "line": 71,
          "column": 6
        },
        "end": {
          "line": 71,
          "column": 37
        }
      },
      "39": {
        "start": {
          "line": 72,
          "column": 6
        },
        "end": {
          "line": 72,
          "column": 47
        }
      },
      "40": {
        "start": {
          "line": 73,
          "column": 6
        },
        "end": {
          "line": 73,
          "column": 26
        }
      },
      "41": {
        "start": {
          "line": 74,
          "column": 6
        },
        "end": {
          "line": 74,
          "column": 27
        }
      },
      "42": {
        "start": {
          "line": 75,
          "column": 6
        },
        "end": {
          "line": 75,
          "column": 35
        }
      },
      "43": {
        "start": {
          "line": 76,
          "column": 6
        },
        "end": {
          "line": 76,
          "column": 26
        }
      },
      "44": {
        "start": {
          "line": 77,
          "column": 6
        },
        "end": {
          "line": 77,
          "column": 38
        }
      },
      "45": {
        "start": {
          "line": 78,
          "column": 6
        },
        "end": {
          "line": 78,
          "column": 50
        }
      },
      "46": {
        "start": {
          "line": 79,
          "column": 6
        },
        "end": {
          "line": 79,
          "column": 28
        }
      },
      "47": {
        "start": {
          "line": 80,
          "column": 6
        },
        "end": {
          "line": 80,
          "column": 27
        }
      },
      "48": {
        "start": {
          "line": 81,
          "column": 6
        },
        "end": {
          "line": 81,
          "column": 54
        }
      },
      "49": {
        "start": {
          "line": 82,
          "column": 6
        },
        "end": {
          "line": 82,
          "column": 26
        }
      },
      "50": {
        "start": {
          "line": 83,
          "column": 6
        },
        "end": {
          "line": 83,
          "column": 52
        }
      },
      "51": {
        "start": {
          "line": 84,
          "column": 6
        },
        "end": {
          "line": 84,
          "column": 35
        }
      },
      "52": {
        "start": {
          "line": 85,
          "column": 6
        },
        "end": {
          "line": 85,
          "column": 24
        }
      },
      "53": {
        "start": {
          "line": 86,
          "column": 6
        },
        "end": {
          "line": 86,
          "column": 37
        }
      },
      "54": {
        "start": {
          "line": 87,
          "column": 6
        },
        "end": {
          "line": 87,
          "column": 37
        }
      },
      "55": {
        "start": {
          "line": 88,
          "column": 6
        },
        "end": {
          "line": 88,
          "column": 37
        }
      },
      "56": {
        "start": {
          "line": 89,
          "column": 6
        },
        "end": {
          "line": 89,
          "column": 51
        }
      },
      "57": {
        "start": {
          "line": 90,
          "column": 6
        },
        "end": {
          "line": 90,
          "column": 28
        }
      },
      "58": {
        "start": {
          "line": 91,
          "column": 6
        },
        "end": {
          "line": 91,
          "column": 27
        }
      },
      "59": {
        "start": {
          "line": 92,
          "column": 6
        },
        "end": {
          "line": 92,
          "column": 36
        }
      },
      "60": {
        "start": {
          "line": 93,
          "column": 6
        },
        "end": {
          "line": 93,
          "column": 20
        }
      },
      "61": {
        "start": {
          "line": 94,
          "column": 6
        },
        "end": {
          "line": 94,
          "column": 24
        }
      },
      "62": {
        "start": {
          "line": 95,
          "column": 6
        },
        "end": {
          "line": 95,
          "column": 26
        }
      },
      "63": {
        "start": {
          "line": 96,
          "column": 6
        },
        "end": {
          "line": 96,
          "column": 52
        }
      },
      "64": {
        "start": {
          "line": 97,
          "column": 6
        },
        "end": {
          "line": 97,
          "column": 41
        }
      },
      "65": {
        "start": {
          "line": 98,
          "column": 6
        },
        "end": {
          "line": 98,
          "column": 24
        }
      },
      "66": {
        "start": {
          "line": 99,
          "column": 6
        },
        "end": {
          "line": 99,
          "column": 35
        }
      },
      "67": {
        "start": {
          "line": 100,
          "column": 6
        },
        "end": {
          "line": 100,
          "column": 26
        }
      },
      "68": {
        "start": {
          "line": 101,
          "column": 6
        },
        "end": {
          "line": 101,
          "column": 27
        }
      },
      "69": {
        "start": {
          "line": 102,
          "column": 6
        },
        "end": {
          "line": 102,
          "column": 34
        }
      },
      "70": {
        "start": {
          "line": 103,
          "column": 6
        },
        "end": {
          "line": 103,
          "column": 33
        }
      },
      "71": {
        "start": {
          "line": 104,
          "column": 6
        },
        "end": {
          "line": 104,
          "column": 24
        }
      },
      "72": {
        "start": {
          "line": 105,
          "column": 6
        },
        "end": {
          "line": 105,
          "column": 33
        }
      },
      "73": {
        "start": {
          "line": 106,
          "column": 6
        },
        "end": {
          "line": 106,
          "column": 68
        }
      },
      "74": {
        "start": {
          "line": 107,
          "column": 6
        },
        "end": {
          "line": 107,
          "column": 24
        }
      },
      "75": {
        "start": {
          "line": 108,
          "column": 6
        },
        "end": {
          "line": 108,
          "column": 52
        }
      },
      "76": {
        "start": {
          "line": 109,
          "column": 6
        },
        "end": {
          "line": 109,
          "column": 26
        }
      },
      "77": {
        "start": {
          "line": 110,
          "column": 6
        },
        "end": {
          "line": 110,
          "column": 39
        }
      },
      "78": {
        "start": {
          "line": 111,
          "column": 6
        },
        "end": {
          "line": 111,
          "column": 35
        }
      },
      "79": {
        "start": {
          "line": 112,
          "column": 6
        },
        "end": {
          "line": 112,
          "column": 24
        }
      },
      "80": {
        "start": {
          "line": 113,
          "column": 6
        },
        "end": {
          "line": 113,
          "column": 27
        }
      },
      "81": {
        "start": {
          "line": 114,
          "column": 6
        },
        "end": {
          "line": 114,
          "column": 36
        }
      },
      "82": {
        "start": {
          "line": 115,
          "column": 6
        },
        "end": {
          "line": 115,
          "column": 37
        }
      },
      "83": {
        "start": {
          "line": 116,
          "column": 6
        },
        "end": {
          "line": 116,
          "column": 24
        }
      },
      "84": {
        "start": {
          "line": 117,
          "column": 6
        },
        "end": {
          "line": 117,
          "column": 26
        }
      },
      "85": {
        "start": {
          "line": 118,
          "column": 6
        },
        "end": {
          "line": 118,
          "column": 39
        }
      },
      "86": {
        "start": {
          "line": 119,
          "column": 6
        },
        "end": {
          "line": 119,
          "column": 35
        }
      },
      "87": {
        "start": {
          "line": 120,
          "column": 6
        },
        "end": {
          "line": 120,
          "column": 26
        }
      },
      "88": {
        "start": {
          "line": 121,
          "column": 6
        },
        "end": {
          "line": 121,
          "column": 27
        }
      },
      "89": {
        "start": {
          "line": 122,
          "column": 6
        },
        "end": {
          "line": 122,
          "column": 37
        }
      },
      "90": {
        "start": {
          "line": 123,
          "column": 6
        },
        "end": {
          "line": 123,
          "column": 26
        }
      },
      "91": {
        "start": {
          "line": 124,
          "column": 6
        },
        "end": {
          "line": 124,
          "column": 39
        }
      },
      "92": {
        "start": {
          "line": 125,
          "column": 6
        },
        "end": {
          "line": 125,
          "column": 35
        }
      },
      "93": {
        "start": {
          "line": 126,
          "column": 6
        },
        "end": {
          "line": 126,
          "column": 24
        }
      },
      "94": {
        "start": {
          "line": 127,
          "column": 6
        },
        "end": {
          "line": 127,
          "column": 27
        }
      },
      "95": {
        "start": {
          "line": 128,
          "column": 6
        },
        "end": {
          "line": 128,
          "column": 36
        }
      },
      "96": {
        "start": {
          "line": 129,
          "column": 6
        },
        "end": {
          "line": 129,
          "column": 41
        }
      },
      "97": {
        "start": {
          "line": 130,
          "column": 6
        },
        "end": {
          "line": 130,
          "column": 24
        }
      },
      "98": {
        "start": {
          "line": 131,
          "column": 6
        },
        "end": {
          "line": 131,
          "column": 26
        }
      },
      "99": {
        "start": {
          "line": 132,
          "column": 6
        },
        "end": {
          "line": 132,
          "column": 39
        }
      },
      "100": {
        "start": {
          "line": 133,
          "column": 6
        },
        "end": {
          "line": 133,
          "column": 35
        }
      },
      "101": {
        "start": {
          "line": 134,
          "column": 6
        },
        "end": {
          "line": 134,
          "column": 26
        }
      },
      "102": {
        "start": {
          "line": 135,
          "column": 6
        },
        "end": {
          "line": 135,
          "column": 27
        }
      },
      "103": {
        "start": {
          "line": 136,
          "column": 6
        },
        "end": {
          "line": 136,
          "column": 37
        }
      },
      "104": {
        "start": {
          "line": 137,
          "column": 6
        },
        "end": {
          "line": 137,
          "column": 26
        }
      },
      "105": {
        "start": {
          "line": 138,
          "column": 6
        },
        "end": {
          "line": 138,
          "column": 39
        }
      },
      "106": {
        "start": {
          "line": 139,
          "column": 6
        },
        "end": {
          "line": 139,
          "column": 99
        }
      },
      "107": {
        "start": {
          "line": 140,
          "column": 6
        },
        "end": {
          "line": 140,
          "column": 24
        }
      },
      "108": {
        "start": {
          "line": 141,
          "column": 6
        },
        "end": {
          "line": 141,
          "column": 27
        }
      },
      "109": {
        "start": {
          "line": 142,
          "column": 6
        },
        "end": {
          "line": 142,
          "column": 36
        }
      },
      "110": {
        "start": {
          "line": 143,
          "column": 6
        },
        "end": {
          "line": 143,
          "column": 40
        }
      },
      "111": {
        "start": {
          "line": 144,
          "column": 6
        },
        "end": {
          "line": 144,
          "column": 24
        }
      },
      "112": {
        "start": {
          "line": 145,
          "column": 6
        },
        "end": {
          "line": 145,
          "column": 26
        }
      },
      "113": {
        "start": {
          "line": 146,
          "column": 6
        },
        "end": {
          "line": 146,
          "column": 39
        }
      },
      "114": {
        "start": {
          "line": 147,
          "column": 6
        },
        "end": {
          "line": 147,
          "column": 35
        }
      },
      "115": {
        "start": {
          "line": 148,
          "column": 6
        },
        "end": {
          "line": 148,
          "column": 26
        }
      },
      "116": {
        "start": {
          "line": 149,
          "column": 6
        },
        "end": {
          "line": 149,
          "column": 27
        }
      },
      "117": {
        "start": {
          "line": 150,
          "column": 6
        },
        "end": {
          "line": 150,
          "column": 37
        }
      },
      "118": {
        "start": {
          "line": 151,
          "column": 6
        },
        "end": {
          "line": 151,
          "column": 26
        }
      },
      "119": {
        "start": {
          "line": 152,
          "column": 6
        },
        "end": {
          "line": 152,
          "column": 39
        }
      },
      "120": {
        "start": {
          "line": 153,
          "column": 6
        },
        "end": {
          "line": 153,
          "column": 35
        }
      },
      "121": {
        "start": {
          "line": 154,
          "column": 6
        },
        "end": {
          "line": 154,
          "column": 24
        }
      },
      "122": {
        "start": {
          "line": 155,
          "column": 6
        },
        "end": {
          "line": 155,
          "column": 27
        }
      },
      "123": {
        "start": {
          "line": 156,
          "column": 6
        },
        "end": {
          "line": 156,
          "column": 36
        }
      },
      "124": {
        "start": {
          "line": 157,
          "column": 6
        },
        "end": {
          "line": 157,
          "column": 36
        }
      },
      "125": {
        "start": {
          "line": 158,
          "column": 6
        },
        "end": {
          "line": 158,
          "column": 24
        }
      },
      "126": {
        "start": {
          "line": 159,
          "column": 6
        },
        "end": {
          "line": 159,
          "column": 26
        }
      },
      "127": {
        "start": {
          "line": 160,
          "column": 6
        },
        "end": {
          "line": 160,
          "column": 39
        }
      },
      "128": {
        "start": {
          "line": 161,
          "column": 6
        },
        "end": {
          "line": 161,
          "column": 35
        }
      },
      "129": {
        "start": {
          "line": 162,
          "column": 6
        },
        "end": {
          "line": 162,
          "column": 26
        }
      },
      "130": {
        "start": {
          "line": 163,
          "column": 6
        },
        "end": {
          "line": 163,
          "column": 27
        }
      },
      "131": {
        "start": {
          "line": 164,
          "column": 6
        },
        "end": {
          "line": 164,
          "column": 37
        }
      },
      "132": {
        "start": {
          "line": 165,
          "column": 6
        },
        "end": {
          "line": 165,
          "column": 26
        }
      },
      "133": {
        "start": {
          "line": 166,
          "column": 6
        },
        "end": {
          "line": 166,
          "column": 48
        }
      },
      "134": {
        "start": {
          "line": 167,
          "column": 6
        },
        "end": {
          "line": 167,
          "column": 35
        }
      },
      "135": {
        "start": {
          "line": 168,
          "column": 6
        },
        "end": {
          "line": 168,
          "column": 24
        }
      },
      "136": {
        "start": {
          "line": 169,
          "column": 6
        },
        "end": {
          "line": 169,
          "column": 42
        }
      },
      "137": {
        "start": {
          "line": 170,
          "column": 6
        },
        "end": {
          "line": 170,
          "column": 54
        }
      },
      "138": {
        "start": {
          "line": 171,
          "column": 6
        },
        "end": {
          "line": 171,
          "column": 28
        }
      },
      "139": {
        "start": {
          "line": 172,
          "column": 6
        },
        "end": {
          "line": 172,
          "column": 27
        }
      },
      "140": {
        "start": {
          "line": 173,
          "column": 6
        },
        "end": {
          "line": 173,
          "column": 36
        }
      },
      "141": {
        "start": {
          "line": 174,
          "column": 6
        },
        "end": {
          "line": 174,
          "column": 40
        }
      },
      "142": {
        "start": {
          "line": 175,
          "column": 6
        },
        "end": {
          "line": 175,
          "column": 24
        }
      },
      "143": {
        "start": {
          "line": 176,
          "column": 6
        },
        "end": {
          "line": 176,
          "column": 26
        }
      },
      "144": {
        "start": {
          "line": 177,
          "column": 6
        },
        "end": {
          "line": 177,
          "column": 39
        }
      },
      "145": {
        "start": {
          "line": 178,
          "column": 6
        },
        "end": {
          "line": 178,
          "column": 35
        }
      },
      "146": {
        "start": {
          "line": 179,
          "column": 6
        },
        "end": {
          "line": 179,
          "column": 28
        }
      },
      "147": {
        "start": {
          "line": 180,
          "column": 6
        },
        "end": {
          "line": 180,
          "column": 27
        }
      },
      "148": {
        "start": {
          "line": 181,
          "column": 6
        },
        "end": {
          "line": 181,
          "column": 34
        }
      },
      "149": {
        "start": {
          "line": 182,
          "column": 6
        },
        "end": {
          "line": 182,
          "column": 34
        }
      },
      "150": {
        "start": {
          "line": 183,
          "column": 6
        },
        "end": {
          "line": 183,
          "column": 24
        }
      },
      "151": {
        "start": {
          "line": 184,
          "column": 6
        },
        "end": {
          "line": 184,
          "column": 33
        }
      },
      "152": {
        "start": {
          "line": 185,
          "column": 6
        },
        "end": {
          "line": 185,
          "column": 66
        }
      },
      "153": {
        "start": {
          "line": 186,
          "column": 6
        },
        "end": {
          "line": 186,
          "column": 24
        }
      },
      "154": {
        "start": {
          "line": 187,
          "column": 6
        },
        "end": {
          "line": 187,
          "column": 40
        }
      },
      "155": {
        "start": {
          "line": 188,
          "column": 6
        },
        "end": {
          "line": 188,
          "column": 57
        }
      },
      "156": {
        "start": {
          "line": 189,
          "column": 6
        },
        "end": {
          "line": 193,
          "column": 9
        }
      },
      "157": {
        "start": {
          "line": 190,
          "column": 8
        },
        "end": {
          "line": 190,
          "column": 30
        }
      },
      "158": {
        "start": {
          "line": 191,
          "column": 20
        },
        "end": {
          "line": 191,
          "column": 38
        }
      },
      "159": {
        "start": {
          "line": 192,
          "column": 8
        },
        "end": {
          "line": 192,
          "column": 55
        }
      },
      "160": {
        "start": {
          "line": 194,
          "column": 6
        },
        "end": {
          "line": 194,
          "column": 26
        }
      },
      "161": {
        "start": {
          "line": 195,
          "column": 6
        },
        "end": {
          "line": 195,
          "column": 39
        }
      },
      "162": {
        "start": {
          "line": 196,
          "column": 6
        },
        "end": {
          "line": 196,
          "column": 35
        }
      },
      "163": {
        "start": {
          "line": 197,
          "column": 6
        },
        "end": {
          "line": 197,
          "column": 24
        }
      },
      "164": {
        "start": {
          "line": 198,
          "column": 6
        },
        "end": {
          "line": 198,
          "column": 27
        }
      },
      "165": {
        "start": {
          "line": 199,
          "column": 6
        },
        "end": {
          "line": 199,
          "column": 36
        }
      },
      "166": {
        "start": {
          "line": 200,
          "column": 6
        },
        "end": {
          "line": 200,
          "column": 37
        }
      },
      "167": {
        "start": {
          "line": 201,
          "column": 6
        },
        "end": {
          "line": 201,
          "column": 26
        }
      },
      "168": {
        "start": {
          "line": 202,
          "column": 6
        },
        "end": {
          "line": 202,
          "column": 42
        }
      },
      "169": {
        "start": {
          "line": 203,
          "column": 6
        },
        "end": {
          "line": 207,
          "column": 9
        }
      },
      "170": {
        "start": {
          "line": 204,
          "column": 8
        },
        "end": {
          "line": 204,
          "column": 30
        }
      },
      "171": {
        "start": {
          "line": 205,
          "column": 20
        },
        "end": {
          "line": 205,
          "column": 38
        }
      },
      "172": {
        "start": {
          "line": 206,
          "column": 8
        },
        "end": {
          "line": 206,
          "column": 54
        }
      },
      "173": {
        "start": {
          "line": 208,
          "column": 6
        },
        "end": {
          "line": 208,
          "column": 26
        }
      },
      "174": {
        "start": {
          "line": 209,
          "column": 6
        },
        "end": {
          "line": 209,
          "column": 39
        }
      },
      "175": {
        "start": {
          "line": 210,
          "column": 6
        },
        "end": {
          "line": 210,
          "column": 35
        }
      },
      "176": {
        "start": {
          "line": 211,
          "column": 6
        },
        "end": {
          "line": 211,
          "column": 24
        }
      },
      "177": {
        "start": {
          "line": 212,
          "column": 6
        },
        "end": {
          "line": 212,
          "column": 27
        }
      },
      "178": {
        "start": {
          "line": 213,
          "column": 6
        },
        "end": {
          "line": 213,
          "column": 36
        }
      },
      "179": {
        "start": {
          "line": 214,
          "column": 6
        },
        "end": {
          "line": 214,
          "column": 40
        }
      },
      "180": {
        "start": {
          "line": 215,
          "column": 6
        },
        "end": {
          "line": 215,
          "column": 26
        }
      },
      "181": {
        "start": {
          "line": 216,
          "column": 6
        },
        "end": {
          "line": 216,
          "column": 42
        }
      },
      "182": {
        "start": {
          "line": 217,
          "column": 6
        },
        "end": {
          "line": 221,
          "column": 9
        }
      },
      "183": {
        "start": {
          "line": 218,
          "column": 8
        },
        "end": {
          "line": 218,
          "column": 30
        }
      },
      "184": {
        "start": {
          "line": 219,
          "column": 20
        },
        "end": {
          "line": 219,
          "column": 38
        }
      },
      "185": {
        "start": {
          "line": 220,
          "column": 8
        },
        "end": {
          "line": 220,
          "column": 49
        }
      },
      "186": {
        "start": {
          "line": 222,
          "column": 6
        },
        "end": {
          "line": 222,
          "column": 26
        }
      },
      "187": {
        "start": {
          "line": 223,
          "column": 6
        },
        "end": {
          "line": 223,
          "column": 39
        }
      },
      "188": {
        "start": {
          "line": 224,
          "column": 6
        },
        "end": {
          "line": 224,
          "column": 35
        }
      },
      "189": {
        "start": {
          "line": 225,
          "column": 6
        },
        "end": {
          "line": 225,
          "column": 24
        }
      },
      "190": {
        "start": {
          "line": 226,
          "column": 6
        },
        "end": {
          "line": 226,
          "column": 27
        }
      },
      "191": {
        "start": {
          "line": 227,
          "column": 6
        },
        "end": {
          "line": 227,
          "column": 36
        }
      },
      "192": {
        "start": {
          "line": 228,
          "column": 6
        },
        "end": {
          "line": 228,
          "column": 39
        }
      },
      "193": {
        "start": {
          "line": 229,
          "column": 6
        },
        "end": {
          "line": 229,
          "column": 26
        }
      },
      "194": {
        "start": {
          "line": 230,
          "column": 6
        },
        "end": {
          "line": 230,
          "column": 43
        }
      },
      "195": {
        "start": {
          "line": 231,
          "column": 6
        },
        "end": {
          "line": 235,
          "column": 9
        }
      },
      "196": {
        "start": {
          "line": 232,
          "column": 8
        },
        "end": {
          "line": 232,
          "column": 30
        }
      },
      "197": {
        "start": {
          "line": 233,
          "column": 20
        },
        "end": {
          "line": 233,
          "column": 38
        }
      },
      "198": {
        "start": {
          "line": 234,
          "column": 8
        },
        "end": {
          "line": 234,
          "column": 56
        }
      },
      "199": {
        "start": {
          "line": 236,
          "column": 6
        },
        "end": {
          "line": 236,
          "column": 26
        }
      },
      "200": {
        "start": {
          "line": 237,
          "column": 6
        },
        "end": {
          "line": 237,
          "column": 40
        }
      },
      "201": {
        "start": {
          "line": 238,
          "column": 6
        },
        "end": {
          "line": 238,
          "column": 36
        }
      },
      "202": {
        "start": {
          "line": 239,
          "column": 6
        },
        "end": {
          "line": 239,
          "column": 24
        }
      },
      "203": {
        "start": {
          "line": 240,
          "column": 6
        },
        "end": {
          "line": 240,
          "column": 27
        }
      },
      "204": {
        "start": {
          "line": 241,
          "column": 6
        },
        "end": {
          "line": 241,
          "column": 37
        }
      },
      "205": {
        "start": {
          "line": 242,
          "column": 6
        },
        "end": {
          "line": 242,
          "column": 39
        }
      },
      "206": {
        "start": {
          "line": 243,
          "column": 6
        },
        "end": {
          "line": 243,
          "column": 26
        }
      },
      "207": {
        "start": {
          "line": 244,
          "column": 6
        },
        "end": {
          "line": 244,
          "column": 43
        }
      },
      "208": {
        "start": {
          "line": 245,
          "column": 6
        },
        "end": {
          "line": 249,
          "column": 9
        }
      },
      "209": {
        "start": {
          "line": 246,
          "column": 8
        },
        "end": {
          "line": 246,
          "column": 30
        }
      },
      "210": {
        "start": {
          "line": 247,
          "column": 20
        },
        "end": {
          "line": 247,
          "column": 38
        }
      },
      "211": {
        "start": {
          "line": 248,
          "column": 8
        },
        "end": {
          "line": 248,
          "column": 50
        }
      },
      "212": {
        "start": {
          "line": 250,
          "column": 6
        },
        "end": {
          "line": 250,
          "column": 26
        }
      },
      "213": {
        "start": {
          "line": 251,
          "column": 6
        },
        "end": {
          "line": 251,
          "column": 40
        }
      },
      "214": {
        "start": {
          "line": 252,
          "column": 6
        },
        "end": {
          "line": 252,
          "column": 36
        }
      },
      "215": {
        "start": {
          "line": 253,
          "column": 6
        },
        "end": {
          "line": 253,
          "column": 24
        }
      },
      "216": {
        "start": {
          "line": 254,
          "column": 6
        },
        "end": {
          "line": 254,
          "column": 27
        }
      },
      "217": {
        "start": {
          "line": 255,
          "column": 6
        },
        "end": {
          "line": 255,
          "column": 37
        }
      },
      "218": {
        "start": {
          "line": 256,
          "column": 6
        },
        "end": {
          "line": 256,
          "column": 44
        }
      },
      "219": {
        "start": {
          "line": 257,
          "column": 6
        },
        "end": {
          "line": 257,
          "column": 26
        }
      },
      "220": {
        "start": {
          "line": 258,
          "column": 6
        },
        "end": {
          "line": 258,
          "column": 43
        }
      },
      "221": {
        "start": {
          "line": 259,
          "column": 6
        },
        "end": {
          "line": 263,
          "column": 9
        }
      },
      "222": {
        "start": {
          "line": 260,
          "column": 8
        },
        "end": {
          "line": 260,
          "column": 30
        }
      },
      "223": {
        "start": {
          "line": 261,
          "column": 20
        },
        "end": {
          "line": 261,
          "column": 38
        }
      },
      "224": {
        "start": {
          "line": 262,
          "column": 8
        },
        "end": {
          "line": 262,
          "column": 51
        }
      },
      "225": {
        "start": {
          "line": 264,
          "column": 6
        },
        "end": {
          "line": 264,
          "column": 26
        }
      },
      "226": {
        "start": {
          "line": 265,
          "column": 6
        },
        "end": {
          "line": 265,
          "column": 40
        }
      },
      "227": {
        "start": {
          "line": 266,
          "column": 6
        },
        "end": {
          "line": 266,
          "column": 36
        }
      },
      "228": {
        "start": {
          "line": 267,
          "column": 6
        },
        "end": {
          "line": 267,
          "column": 24
        }
      },
      "229": {
        "start": {
          "line": 268,
          "column": 6
        },
        "end": {
          "line": 268,
          "column": 27
        }
      },
      "230": {
        "start": {
          "line": 269,
          "column": 6
        },
        "end": {
          "line": 269,
          "column": 37
        }
      },
      "231": {
        "start": {
          "line": 270,
          "column": 6
        },
        "end": {
          "line": 270,
          "column": 45
        }
      },
      "232": {
        "start": {
          "line": 271,
          "column": 6
        },
        "end": {
          "line": 271,
          "column": 28
        }
      },
      "233": {
        "start": {
          "line": 272,
          "column": 6
        },
        "end": {
          "line": 272,
          "column": 40
        }
      },
      "234": {
        "start": {
          "line": 273,
          "column": 6
        },
        "end": {
          "line": 273,
          "column": 73
        }
      },
      "235": {
        "start": {
          "line": 274,
          "column": 6
        },
        "end": {
          "line": 274,
          "column": 73
        }
      },
      "236": {
        "start": {
          "line": 275,
          "column": 6
        },
        "end": {
          "line": 275,
          "column": 73
        }
      },
      "237": {
        "start": {
          "line": 276,
          "column": 6
        },
        "end": {
          "line": 276,
          "column": 73
        }
      },
      "238": {
        "start": {
          "line": 277,
          "column": 6
        },
        "end": {
          "line": 277,
          "column": 73
        }
      },
      "239": {
        "start": {
          "line": 278,
          "column": 6
        },
        "end": {
          "line": 278,
          "column": 73
        }
      },
      "240": {
        "start": {
          "line": 279,
          "column": 6
        },
        "end": {
          "line": 279,
          "column": 24
        }
      },
      "241": {
        "start": {
          "line": 280,
          "column": 6
        },
        "end": {
          "line": 280,
          "column": 54
        }
      },
      "242": {
        "start": {
          "line": 281,
          "column": 6
        },
        "end": {
          "line": 281,
          "column": 26
        }
      },
      "243": {
        "start": {
          "line": 282,
          "column": 6
        },
        "end": {
          "line": 282,
          "column": 54
        }
      },
      "244": {
        "start": {
          "line": 283,
          "column": 6
        },
        "end": {
          "line": 283,
          "column": 36
        }
      },
      "245": {
        "start": {
          "line": 284,
          "column": 6
        },
        "end": {
          "line": 284,
          "column": 24
        }
      },
      "246": {
        "start": {
          "line": 285,
          "column": 6
        },
        "end": {
          "line": 285,
          "column": 36
        }
      },
      "247": {
        "start": {
          "line": 286,
          "column": 6
        },
        "end": {
          "line": 286,
          "column": 26
        }
      },
      "248": {
        "start": {
          "line": 287,
          "column": 6
        },
        "end": {
          "line": 287,
          "column": 27
        }
      },
      "249": {
        "start": {
          "line": 288,
          "column": 6
        },
        "end": {
          "line": 288,
          "column": 38
        }
      },
      "250": {
        "start": {
          "line": 289,
          "column": 6
        },
        "end": {
          "line": 289,
          "column": 26
        }
      },
      "251": {
        "start": {
          "line": 290,
          "column": 6
        },
        "end": {
          "line": 290,
          "column": 54
        }
      },
      "252": {
        "start": {
          "line": 291,
          "column": 6
        },
        "end": {
          "line": 291,
          "column": 37
        }
      },
      "253": {
        "start": {
          "line": 292,
          "column": 6
        },
        "end": {
          "line": 292,
          "column": 24
        }
      },
      "254": {
        "start": {
          "line": 293,
          "column": 6
        },
        "end": {
          "line": 293,
          "column": 53
        }
      },
      "255": {
        "start": {
          "line": 294,
          "column": 6
        },
        "end": {
          "line": 294,
          "column": 28
        }
      },
      "256": {
        "start": {
          "line": 295,
          "column": 6
        },
        "end": {
          "line": 295,
          "column": 27
        }
      },
      "257": {
        "start": {
          "line": 296,
          "column": 6
        },
        "end": {
          "line": 296,
          "column": 39
        }
      },
      "258": {
        "start": {
          "line": 297,
          "column": 6
        },
        "end": {
          "line": 297,
          "column": 46
        }
      },
      "259": {
        "start": {
          "line": 298,
          "column": 6
        },
        "end": {
          "line": 298,
          "column": 38
        }
      },
      "260": {
        "start": {
          "line": 299,
          "column": 6
        },
        "end": {
          "line": 299,
          "column": 48
        }
      },
      "261": {
        "start": {
          "line": 300,
          "column": 6
        },
        "end": {
          "line": 300,
          "column": 40
        }
      },
      "262": {
        "start": {
          "line": 301,
          "column": 6
        },
        "end": {
          "line": 301,
          "column": 26
        }
      },
      "263": {
        "start": {
          "line": 302,
          "column": 6
        },
        "end": {
          "line": 302,
          "column": 40
        }
      },
      "264": {
        "start": {
          "line": 303,
          "column": 6
        },
        "end": {
          "line": 303,
          "column": 53
        }
      },
      "265": {
        "start": {
          "line": 304,
          "column": 6
        },
        "end": {
          "line": 304,
          "column": 24
        }
      },
      "266": {
        "start": {
          "line": 305,
          "column": 6
        },
        "end": {
          "line": 305,
          "column": 31
        }
      },
      "267": {
        "start": {
          "line": 306,
          "column": 6
        },
        "end": {
          "line": 306,
          "column": 26
        }
      },
      "268": {
        "start": {
          "line": 307,
          "column": 6
        },
        "end": {
          "line": 307,
          "column": 27
        }
      },
      "269": {
        "start": {
          "line": 308,
          "column": 6
        },
        "end": {
          "line": 308,
          "column": 38
        }
      },
      "270": {
        "start": {
          "line": 309,
          "column": 6
        },
        "end": {
          "line": 309,
          "column": 26
        }
      },
      "271": {
        "start": {
          "line": 310,
          "column": 6
        },
        "end": {
          "line": 310,
          "column": 40
        }
      },
      "272": {
        "start": {
          "line": 311,
          "column": 6
        },
        "end": {
          "line": 311,
          "column": 53
        }
      },
      "273": {
        "start": {
          "line": 312,
          "column": 6
        },
        "end": {
          "line": 312,
          "column": 28
        }
      },
      "274": {
        "start": {
          "line": 313,
          "column": 6
        },
        "end": {
          "line": 313,
          "column": 54
        }
      },
      "275": {
        "start": {
          "line": 314,
          "column": 6
        },
        "end": {
          "line": 314,
          "column": 47
        }
      },
      "276": {
        "start": {
          "line": 315,
          "column": 6
        },
        "end": {
          "line": 315,
          "column": 24
        }
      },
      "277": {
        "start": {
          "line": 316,
          "column": 6
        },
        "end": {
          "line": 316,
          "column": 36
        }
      },
      "278": {
        "start": {
          "line": 317,
          "column": 6
        },
        "end": {
          "line": 317,
          "column": 26
        }
      },
      "279": {
        "start": {
          "line": 318,
          "column": 6
        },
        "end": {
          "line": 318,
          "column": 27
        }
      },
      "280": {
        "start": {
          "line": 319,
          "column": 6
        },
        "end": {
          "line": 319,
          "column": 41
        }
      },
      "281": {
        "start": {
          "line": 321,
          "column": 4
        },
        "end": {
          "line": 337,
          "column": 5
        }
      },
      "282": {
        "start": {
          "line": 322,
          "column": 18
        },
        "end": {
          "line": 322,
          "column": 36
        }
      },
      "283": {
        "start": {
          "line": 323,
          "column": 6
        },
        "end": {
          "line": 323,
          "column": 23
        }
      },
      "284": {
        "start": {
          "line": 324,
          "column": 6
        },
        "end": {
          "line": 324,
          "column": 63
        }
      },
      "285": {
        "start": {
          "line": 325,
          "column": 6
        },
        "end": {
          "line": 325,
          "column": 23
        }
      },
      "286": {
        "start": {
          "line": 326,
          "column": 6
        },
        "end": {
          "line": 326,
          "column": 43
        }
      },
      "287": {
        "start": {
          "line": 327,
          "column": 6
        },
        "end": {
          "line": 327,
          "column": 22
        }
      },
      "288": {
        "start": {
          "line": 328,
          "column": 6
        },
        "end": {
          "line": 328,
          "column": 48
        }
      },
      "289": {
        "start": {
          "line": 329,
          "column": 6
        },
        "end": {
          "line": 329,
          "column": 22
        }
      },
      "290": {
        "start": {
          "line": 330,
          "column": 6
        },
        "end": {
          "line": 330,
          "column": 43
        }
      },
      "291": {
        "start": {
          "line": 331,
          "column": 6
        },
        "end": {
          "line": 331,
          "column": 22
        }
      },
      "292": {
        "start": {
          "line": 332,
          "column": 6
        },
        "end": {
          "line": 332,
          "column": 50
        }
      },
      "293": {
        "start": {
          "line": 333,
          "column": 6
        },
        "end": {
          "line": 333,
          "column": 22
        }
      },
      "294": {
        "start": {
          "line": 334,
          "column": 6
        },
        "end": {
          "line": 334,
          "column": 44
        }
      },
      "295": {
        "start": {
          "line": 335,
          "column": 6
        },
        "end": {
          "line": 335,
          "column": 22
        }
      },
      "296": {
        "start": {
          "line": 336,
          "column": 6
        },
        "end": {
          "line": 336,
          "column": 45
        }
      }
    },
    "fnMap": {
      "0": {
        "name": "AppComponent_pre_116_Template",
        "decl": {
          "start": {
            "line": 4,
            "column": 9
          },
          "end": {
            "line": 4,
            "column": 38
          }
        },
        "loc": {
          "start": {
            "line": 4,
            "column": 48
          },
          "end": {
            "line": 10,
            "column": 1
          }
        },
        "line": 4
      },
      "1": {
        "name": "AppComponent_pre_117_Template",
        "decl": {
          "start": {
            "line": 11,
            "column": 9
          },
          "end": {
            "line": 11,
            "column": 38
          }
        },
        "loc": {
          "start": {
            "line": 11,
            "column": 48
          },
          "end": {
            "line": 17,
            "column": 1
          }
        },
        "line": 11
      },
      "2": {
        "name": "AppComponent_pre_118_Template",
        "decl": {
          "start": {
            "line": 18,
            "column": 9
          },
          "end": {
            "line": 18,
            "column": 38
          }
        },
        "loc": {
          "start": {
            "line": 18,
            "column": 48
          },
          "end": {
            "line": 24,
            "column": 1
          }
        },
        "line": 18
      },
      "3": {
        "name": "AppComponent_pre_119_Template",
        "decl": {
          "start": {
            "line": 25,
            "column": 9
          },
          "end": {
            "line": 25,
            "column": 38
          }
        },
        "loc": {
          "start": {
            "line": 25,
            "column": 48
          },
          "end": {
            "line": 31,
            "column": 1
          }
        },
        "line": 25
      },
      "4": {
        "name": "AppComponent_pre_120_Template",
        "decl": {
          "start": {
            "line": 32,
            "column": 9
          },
          "end": {
            "line": 32,
            "column": 38
          }
        },
        "loc": {
          "start": {
            "line": 32,
            "column": 48
          },
          "end": {
            "line": 38,
            "column": 1
          }
        },
        "line": 32
      },
      "5": {
        "name": "AppComponent_pre_121_Template",
        "decl": {
          "start": {
            "line": 39,
            "column": 9
          },
          "end": {
            "line": 39,
            "column": 38
          }
        },
        "loc": {
          "start": {
            "line": 39,
            "column": 48
          },
          "end": {
            "line": 45,
            "column": 1
          }
        },
        "line": 39
      },
      "6": {
        "name": "(anonymous_6)",
        "decl": {
          "start": {
            "line": 47,
            "column": 2
          },
          "end": {
            "line": 47,
            "column": 3
          }
        },
        "loc": {
          "start": {
            "line": 47,
            "column": 16
          },
          "end": {
            "line": 49,
            "column": 3
          }
        },
        "line": 47
      },
      "7": {
        "name": "AppComponent_Factory",
        "decl": {
          "start": {
            "line": 51,
            "column": 29
          },
          "end": {
            "line": 51,
            "column": 49
          }
        },
        "loc": {
          "start": {
            "line": 51,
            "column": 53
          },
          "end": {
            "line": 53,
            "column": 1
          }
        },
        "line": 51
      },
      "8": {
        "name": "AppComponent_Template",
        "decl": {
          "start": {
            "line": 60,
            "column": 21
          },
          "end": {
            "line": 60,
            "column": 42
          }
        },
        "loc": {
          "start": {
            "line": 60,
            "column": 52
          },
          "end": {
            "line": 338,
            "column": 3
          }
        },
        "line": 60
      },
      "9": {
        "name": "AppComponent_Template_button_click_85_listener",
        "decl": {
          "start": {
            "line": 189,
            "column": 38
          },
          "end": {
            "line": 189,
            "column": 84
          }
        },
        "loc": {
          "start": {
            "line": 189,
            "column": 87
          },
          "end": {
            "line": 193,
            "column": 7
          }
        },
        "line": 189
      },
      "10": {
        "name": "AppComponent_Template_button_click_90_listener",
        "decl": {
          "start": {
            "line": 203,
            "column": 38
          },
          "end": {
            "line": 203,
            "column": 84
          }
        },
        "loc": {
          "start": {
            "line": 203,
            "column": 87
          },
          "end": {
            "line": 207,
            "column": 7
          }
        },
        "line": 203
      },
      "11": {
        "name": "AppComponent_Template_button_click_95_listener",
        "decl": {
          "start": {
            "line": 217,
            "column": 38
          },
          "end": {
            "line": 217,
            "column": 84
          }
        },
        "loc": {
          "start": {
            "line": 217,
            "column": 87
          },
          "end": {
            "line": 221,
            "column": 7
          }
        },
        "line": 217
      },
      "12": {
        "name": "AppComponent_Template_button_click_100_listener",
        "decl": {
          "start": {
            "line": 231,
            "column": 38
          },
          "end": {
            "line": 231,
            "column": 85
          }
        },
        "loc": {
          "start": {
            "line": 231,
            "column": 88
          },
          "end": {
            "line": 235,
            "column": 7
          }
        },
        "line": 231
      },
      "13": {
        "name": "AppComponent_Template_button_click_105_listener",
        "decl": {
          "start": {
            "line": 245,
            "column": 38
          },
          "end": {
            "line": 245,
            "column": 85
          }
        },
        "loc": {
          "start": {
            "line": 245,
            "column": 88
          },
          "end": {
            "line": 249,
            "column": 7
          }
        },
        "line": 245
      },
      "14": {
        "name": "AppComponent_Template_button_click_110_listener",
        "decl": {
          "start": {
            "line": 259,
            "column": 38
          },
          "end": {
            "line": 259,
            "column": 85
          }
        },
        "loc": {
          "start": {
            "line": 259,
            "column": 88
          },
          "end": {
            "line": 263,
            "column": 7
          }
        },
        "line": 259
      }
    },
    "branchMap": {
      "0": {
        "loc": {
          "start": {
            "line": 5,
            "column": 2
          },
          "end": {
            "line": 9,
            "column": 3
          }
        },
        "type": "if",
        "locations": [
          {
            "start": {
              "line": 5,
              "column": 2
            },
            "end": {
              "line": 9,
              "column": 3
            }
          },
          {
            "start": {
              "line": 5,
              "column": 2
            },
            "end": {
              "line": 9,
              "column": 3
            }
          }
        ],
        "line": 5
      },
      "1": {
        "loc": {
          "start": {
            "line": 12,
            "column": 2
          },
          "end": {
            "line": 16,
            "column": 3
          }
        },
        "type": "if",
        "locations": [
          {
            "start": {
              "line": 12,
              "column": 2
            },
            "end": {
              "line": 16,
              "column": 3
            }
          },
          {
            "start": {
              "line": 12,
              "column": 2
            },
            "end": {
              "line": 16,
              "column": 3
            }
          }
        ],
        "line": 12
      },
      "2": {
        "loc": {
          "start": {
            "line": 19,
            "column": 2
          },
          "end": {
            "line": 23,
            "column": 3
          }
        },
        "type": "if",
        "locations": [
          {
            "start": {
              "line": 19,
              "column": 2
            },
            "end": {
              "line": 23,
              "column": 3
            }
          },
          {
            "start": {
              "line": 19,
              "column": 2
            },
            "end": {
              "line": 23,
              "column": 3
            }
          }
        ],
        "line": 19
      },
      "3": {
        "loc": {
          "start": {
            "line": 26,
            "column": 2
          },
          "end": {
            "line": 30,
            "column": 3
          }
        },
        "type": "if",
        "locations": [
          {
            "start": {
              "line": 26,
              "column": 2
            },
            "end": {
              "line": 30,
              "column": 3
            }
          },
          {
            "start": {
              "line": 26,
              "column": 2
            },
            "end": {
              "line": 30,
              "column": 3
            }
          }
        ],
        "line": 26
      },
      "4": {
        "loc": {
          "start": {
            "line": 33,
            "column": 2
          },
          "end": {
            "line": 37,
            "column": 3
          }
        },
        "type": "if",
        "locations": [
          {
            "start": {
              "line": 33,
              "column": 2
            },
            "end": {
              "line": 37,
              "column": 3
            }
          },
          {
            "start": {
              "line": 33,
              "column": 2
            },
            "end": {
              "line": 37,
              "column": 3
            }
          }
        ],
        "line": 33
      },
      "5": {
        "loc": {
          "start": {
            "line": 40,
            "column": 2
          },
          "end": {
            "line": 44,
            "column": 3
          }
        },
        "type": "if",
        "locations": [
          {
            "start": {
              "line": 40,
              "column": 2
            },
            "end": {
              "line": 44,
              "column": 3
            }
          },
          {
            "start": {
              "line": 40,
              "column": 2
            },
            "end": {
              "line": 44,
              "column": 3
            }
          }
        ],
        "line": 40
      },
      "6": {
        "loc": {
          "start": {
            "line": 52,
            "column": 14
          },
          "end": {
            "line": 52,
            "column": 31
          }
        },
        "type": "binary-expr",
        "locations": [
          {
            "start": {
              "line": 52,
              "column": 14
            },
            "end": {
              "line": 52,
              "column": 15
            }
          },
          {
            "start": {
              "line": 52,
              "column": 19
            },
            "end": {
              "line": 52,
              "column": 31
            }
          }
        ],
        "line": 52
      },
      "7": {
        "loc": {
          "start": {
            "line": 61,
            "column": 4
          },
          "end": {
            "line": 320,
            "column": 5
          }
        },
        "type": "if",
        "locations": [
          {
            "start": {
              "line": 61,
              "column": 4
            },
            "end": {
              "line": 320,
              "column": 5
            }
          },
          {
            "start": {
              "line": 61,
              "column": 4
            },
            "end": {
              "line": 320,
              "column": 5
            }
          }
        ],
        "line": 61
      },
      "8": {
        "loc": {
          "start": {
            "line": 321,
            "column": 4
          },
          "end": {
            "line": 337,
            "column": 5
          }
        },
        "type": "if",
        "locations": [
          {
            "start": {
              "line": 321,
              "column": 4
            },
            "end": {
              "line": 337,
              "column": 5
            }
          },
          {
            "start": {
              "line": 321,
              "column": 4
            },
            "end": {
              "line": 337,
              "column": 5
            }
          }
        ],
        "line": 321
      }
    },
    "s": {
      "0": 8,
      "1": 2,
      "2": 2,
      "3": 2,
      "4": 0,
      "5": 0,
      "6": 0,
      "7": 0,
      "8": 0,
      "9": 0,
      "10": 0,
      "11": 0,
      "12": 0,
      "13": 0,
      "14": 0,
      "15": 0,
      "16": 0,
      "17": 0,
      "18": 0,
      "19": 0,
      "20": 0,
      "21": 0,
      "22": 0,
      "23": 0,
      "24": 2,
      "25": 2,
      "26": 2,
      "27": 2,
      "28": 8,
      "29": 2,
      "30": 2,
      "31": 2,
      "32": 2,
      "33": 2,
      "34": 2,
      "35": 2,
      "36": 2,
      "37": 2,
      "38": 2,
      "39": 2,
      "40": 2,
      "41": 2,
      "42": 2,
      "43": 2,
      "44": 2,
      "45": 2,
      "46": 2,
      "47": 2,
      "48": 2,
      "49": 2,
      "50": 2,
      "51": 2,
      "52": 2,
      "53": 2,
      "54": 2,
      "55": 2,
      "56": 2,
      "57": 2,
      "58": 2,
      "59": 2,
      "60": 2,
      "61": 2,
      "62": 2,
      "63": 2,
      "64": 2,
      "65": 2,
      "66": 2,
      "67": 2,
      "68": 2,
      "69": 2,
      "70": 2,
      "71": 2,
      "72": 2,
      "73": 2,
      "74": 2,
      "75": 2,
      "76": 2,
      "77": 2,
      "78": 2,
      "79": 2,
      "80": 2,
      "81": 2,
      "82": 2,
      "83": 2,
      "84": 2,
      "85": 2,
      "86": 2,
      "87": 2,
      "88": 2,
      "89": 2,
      "90": 2,
      "91": 2,
      "92": 2,
      "93": 2,
      "94": 2,
      "95": 2,
      "96": 2,
      "97": 2,
      "98": 2,
      "99": 2,
      "100": 2,
      "101": 2,
      "102": 2,
      "103": 2,
      "104": 2,
      "105": 2,
      "106": 2,
      "107": 2,
      "108": 2,
      "109": 2,
      "110": 2,
      "111": 2,
      "112": 2,
      "113": 2,
      "114": 2,
      "115": 2,
      "116": 2,
      "117": 2,
      "118": 2,
      "119": 2,
      "120": 2,
      "121": 2,
      "122": 2,
      "123": 2,
      "124": 2,
      "125": 2,
      "126": 2,
      "127": 2,
      "128": 2,
      "129": 2,
      "130": 2,
      "131": 2,
      "132": 2,
      "133": 2,
      "134": 2,
      "135": 2,
      "136": 2,
      "137": 2,
      "138": 2,
      "139": 2,
      "140": 2,
      "141": 2,
      "142": 2,
      "143": 2,
      "144": 2,
      "145": 2,
      "146": 2,
      "147": 2,
      "148": 2,
      "149": 2,
      "150": 2,
      "151": 2,
      "152": 2,
      "153": 2,
      "154": 2,
      "155": 2,
      "156": 2,
      "157": 0,
      "158": 0,
      "159": 0,
      "160": 2,
      "161": 2,
      "162": 2,
      "163": 2,
      "164": 2,
      "165": 2,
      "166": 2,
      "167": 2,
      "168": 2,
      "169": 2,
      "170": 0,
      "171": 0,
      "172": 0,
      "173": 2,
      "174": 2,
      "175": 2,
      "176": 2,
      "177": 2,
      "178": 2,
      "179": 2,
      "180": 2,
      "181": 2,
      "182": 2,
      "183": 0,
      "184": 0,
      "185": 0,
      "186": 2,
      "187": 2,
      "188": 2,
      "189": 2,
      "190": 2,
      "191": 2,
      "192": 2,
      "193": 2,
      "194": 2,
      "195": 2,
      "196": 0,
      "197": 0,
      "198": 0,
      "199": 2,
      "200": 2,
      "201": 2,
      "202": 2,
      "203": 2,
      "204": 2,
      "205": 2,
      "206": 2,
      "207": 2,
      "208": 2,
      "209": 0,
      "210": 0,
      "211": 0,
      "212": 2,
      "213": 2,
      "214": 2,
      "215": 2,
      "216": 2,
      "217": 2,
      "218": 2,
      "219": 2,
      "220": 2,
      "221": 2,
      "222": 0,
      "223": 0,
      "224": 0,
      "225": 2,
      "226": 2,
      "227": 2,
      "228": 2,
      "229": 2,
      "230": 2,
      "231": 2,
      "232": 2,
      "233": 2,
      "234": 2,
      "235": 2,
      "236": 2,
      "237": 2,
      "238": 2,
      "239": 2,
      "240": 2,
      "241": 2,
      "242": 2,
      "243": 2,
      "244": 2,
      "245": 2,
      "246": 2,
      "247": 2,
      "248": 2,
      "249": 2,
      "250": 2,
      "251": 2,
      "252": 2,
      "253": 2,
      "254": 2,
      "255": 2,
      "256": 2,
      "257": 2,
      "258": 2,
      "259": 2,
      "260": 2,
      "261": 2,
      "262": 2,
      "263": 2,
      "264": 2,
      "265": 2,
      "266": 2,
      "267": 2,
      "268": 2,
      "269": 2,
      "270": 2,
      "271": 2,
      "272": 2,
      "273": 2,
      "274": 2,
      "275": 2,
      "276": 2,
      "277": 2,
      "278": 2,
      "279": 2,
      "280": 2,
      "281": 8,
      "282": 6,
      "283": 6,
      "284": 6,
      "285": 6,
      "286": 6,
      "287": 6,
      "288": 6,
      "289": 6,
      "290": 6,
      "291": 6,
      "292": 6,
      "293": 6,
      "294": 6,
      "295": 6,
      "296": 6
    },
    "f": {
      "0": 8,
      "1": 0,
      "2": 0,
      "3": 0,
      "4": 0,
      "5": 0,
      "6": 2,
      "7": 2,
      "8": 8,
      "9": 0,
      "10": 0,
      "11": 0,
      "12": 0,
      "13": 0,
      "14": 0
    },
    "b": {
      "0": [
        2,
        6
      ],
      "1": [
        0,
        0
      ],
      "2": [
        0,
        0
      ],
      "3": [
        0,
        0
      ],
      "4": [
        0,
        0
      ],
      "5": [
        0,
        0
      ],
      "6": [
        2,
        2
      ],
      "7": [
        2,
        6
      ],
      "8": [
        6,
        2
      ]
    },
    "inputSourceMap": {
      "version": 3,
      "mappings": ";;;;;IA4aMA,2BAAsB;IAAAA,yCAAyB;IAAAA,iBAAM;;;;;IACrDA,2BAAgC;IAAAA,wCAAwB;IAAAA,iBAAM;;;;;IAC9DA,2BAA2B;IAAAA,mCAAmB;IAAAA,iBAAM;;;;;IACpDA,2BAAkC;IAAAA,4BAAY;IAAAA,iBAAM;;;;;IACpDA,2BAA4B;IAAAA,uBAAO;IAAAA,iBAAM;;;;;IACzCA,2BAA6B;IAAAA,wBAAQ;IAAAA,iBAAM;;;AC1ajD,OAAM,MAAOC,YAAY;EALzBC;IAME,UAAK,GAAG,kBAAkB;;;AADfD,YAAY;mBAAZA,YAAY;AAAA;AAAZA,YAAY;QAAZA,YAAY;EAAAE;EAAAC;EAAAC;EAAAC;EAAAC;IAAA;;MD0SzBP,8BAAmC;MACjCA,yBAIE;MACFA,4BAAM;MAAAA,uBAAO;MAAAA,iBAAO;MAClBA,yBAA0B;MAC1BA,4BAAqH;MACnHA,mBAA6G;MAA7GA,8BAA6G;MAC3GA,0BAA4C;MAE9CA,iBAAM;MAERA,oBAAqH;MAArHA,4BAAqH;MACnHA,mBAAkI;MAAlIA,+BAAkI;MAChIA,2BAAuC;MAEzCA,iBAAM;MAIZA,oBAAiC;MAAjCA,gCAAiC;MAK7BA,mBAAmH;MAAnHA,gCAAmH;MAC1GA,4BAAW;MAAAA,iBAAQ;MAC1BA,8BAAuE;MACrEA,8BAA+H;MAC/HA,8BAA6E;MAC3EA,4BAAiN;MAEnNA,iBAAI;MAIRA,oBAAM;MAANA,6BAAM;MAAAA,aAA2B;MAAAA,iBAAO;MAExCA,mBAA2H;MAA3HA,gCAA2H;MAClHA,kCAAiB;MAAAA,iBAAQ;MAChCA,4BAA0R;MAC5RA,iBAAM;MAKRA,oBAAI;MAAJA,2BAAI;MAAAA,0BAAS;MAAAA,iBAAK;MAClBA,0BAAG;MAAAA,6DAA4C;MAAAA,iBAAI;MAEnDA,gCAA4B;MAExBA,mBAA0G;MAA1GA,gCAA0G;MAAAA,4BAAuF;MAAAA,iBAAM;MACvMA,oBAAM;MAANA,6BAAM;MAAAA,8BAAa;MAAAA,iBAAO;MAC1BA,mBAA0G;MAA1GA,gCAA0G;MAAAA,4BAA0D;MAAAA,iBAAM;MAE5KA,oBAA6E;MAA7EA,8BAA6E;MAC3EA,mBAA0G;MAA1GA,gCAA0G;MAAAA,4BAAsG;MAAAA,iBAAM;MACtNA,oBAAM;MAANA,6BAAM;MAAAA,kCAAiB;MAAAA,iBAAO;MAC9BA,mBAA0G;MAA1GA,gCAA0G;MAAAA,4BAA0D;MAAAA,iBAAM;MAG5KA,oBAAkF;MAAlFA,8BAAkF;MAChFA,mBAA2H;MAA3HA,gCAA2H;MAAAA,4BAAqF;MAA6SA,iBAAM;MACngBA,oBAAM;MAANA,6BAAM;MAAAA,iCAAgB;MAAAA,iBAAO;MAC7BA,mBAA0G;MAA1GA,gCAA0G;MAAAA,4BAA0D;MAAAA,iBAAM;MAG5KA,oBAA+E;MAA/EA,8BAA+E;MAC7EA,mBAA0G;MAA1GA,gCAA0G;MAAAA,4BAA6T;MAAAA,iBAAM;MAC7aA,oBAAM;MAANA,6BAAM;MAAAA,6BAAY;MAAAA,iBAAO;MACzBA,mBAA0G;MAA1GA,gCAA0G;MAAAA,4BAA0D;MAAAA,iBAAM;MAG5KA,oBAAmF;MAAnFA,8BAAmF;MACjFA,mBAA+J;MAA/JA,gCAA+J;MAAGA,4BAA0C;MAAAA,iBAAI;MAAAA,0BAAG;MAAGA,4BAAqP;MAAyHA,iBAAI;MACxkBA,oBAAM;MAANA,6BAAM;MAAAA,iCAAgB;MAAAA,iBAAO;MAC7BA,mBAA0G;MAA1GA,gCAA0G;MAAAA,4BAA0D;MAAAA,iBAAM;MAM9KA,oBAAI;MAAJA,2BAAI;MAAAA,2BAAU;MAAAA,iBAAK;MACnBA,0BAAG;MAAAA,2DAA0C;MAAAA,iBAAI;MAEjDA,iCAAgC;MAEhCA,gCAA4B;MACMA;QAAAA;QAAA;QAAA,OAASA,2BAAkB,WAAW;MAAA,EAAC;MACrEA,mBAA0G;MAA1GA,gCAA0G;MAAAA,4BAA+C;MAAAA,iBAAM;MAC/JA,oBAAM;MAANA,6BAAM;MAAAA,8BAAa;MAAAA,iBAAO;MAG5BA,mCAAoF;MAApDA;QAAAA;QAAA;QAAA,OAASA,2BAAkB,UAAU;MAAA,EAAC;MACpEA,mBAA0G;MAA1GA,gCAA0G;MAAAA,4BAA+C;MAAAA,iBAAM;MAC/JA,oBAAM;MAANA,6BAAM;MAAAA,iCAAgB;MAAAA,iBAAO;MAG/BA,mCAA+E;MAA/CA;QAAAA;QAAA;QAAA,OAASA,2BAAkB,KAAK;MAAA,EAAC;MAC/DA,mBAA0G;MAA1GA,gCAA0G;MAAAA,4BAA+C;MAAAA,iBAAM;MAC/JA,oBAAM;MAANA,6BAAM;MAAAA,gCAAe;MAAAA,iBAAO;MAG9BA,oCAAsF;MAAtDA;QAAAA;QAAA;QAAA,OAASA,2BAAkB,YAAY;MAAA,EAAC;MACtEA,mBAA0G;MAA1GA,iCAA0G;MAAAA,6BAA+C;MAAAA,iBAAM;MAC/JA,oBAAM;MAANA,8BAAM;MAAAA,gCAAc;MAAAA,iBAAO;MAG7BA,oCAAgF;MAAhDA;QAAAA;QAAA;QAAA,OAASA,2BAAkB,MAAM;MAAA,EAAC;MAChEA,mBAA0G;MAA1GA,iCAA0G;MAAAA,6BAA+C;MAAAA,iBAAM;MAC/JA,oBAAM;MAANA,8BAAM;MAAAA,qCAAmB;MAAAA,iBAAO;MAGlCA,oCAAiF;MAAjDA;QAAAA;QAAA;QAAA,OAASA,2BAAkB,OAAO;MAAA,EAAC;MACjEA,mBAA0G;MAA1GA,iCAA0G;MAAAA,6BAA+C;MAAAA,iBAAM;MAC/JA,oBAAM;MAANA,8BAAM;MAAAA,sCAAoB;MAAAA,iBAAO;MAKrCA,iCAAmD;MAC/CA,kEAAqD;MACrDA,kEAA8D;MAC9DA,kEAAoD;MACpDA,kEAAoD;MACpDA,kEAAyC;MACzCA,kEAA2C;MAC/CA,iBAAM;MAGNA,iCAA4B;MAExBA,mBAAmG;MAAnGA,iCAAmG;MAC1FA,6BAAW;MAAAA,iBAAQ;MAC1BA,6BAA4zF;MAC9zFA,iBAAM;MAGRA,oBAAiI;MAAjIA,+BAAiI;MAC/HA,mBAAqF;MAArFA,iCAAqF;MAC5EA,8BAAY;MAAAA,iBAAQ;MAC3BA,6BAAuN;MAEzNA,iBAAM;MAKVA,oBAAQ;MAARA,gCAAQ;MACJA,uCACA;MAAAA,+BAA4E;MAACA,yCAC3E;MAAAA,iCAA+B;MAC3BA,mBAA0G;MAA1GA,iCAA0G;MAAAA,6BAAqC;MAAoGA,iBAAM;MAC3PA,wBACF;MAAAA,iBAAM;MAERA,oBAA4E;MAA5EA,+BAA4E;MAC1EA,mBAA0G;MAA1GA,iCAA0G;MAAAA,6BAAyE;MAAqCA,iBAAM;MAIpOA,iCAAqH;MAC5GA,wCAAsB;MAAAA,iBAAQ;MACrCA,6BAAkhC;MACphCA,iBAAM;MAYRA,oBAAe;MAAfA,kCAA+B;;;;MA5IrBA,gBAA2B;MAA3BA,wDAA2B;MAoFbA,gBAA4B;MAA5BA,oCAA4B;MAExCA,eAAwB;MAAxBA,yCAAwB;MACxBA,eAAmB;MAAnBA,oCAAmB;MACnBA,eAA0B;MAA1BA,2CAA0B;MAC1BA,eAAoB;MAApBA,qCAAoB;MACpBA,eAAqB;MAArBA,sCAAqB",
      "names": [
        "i0",
        "AppComponent",
        "constructor",
        "selectors",
        "decls",
        "vars",
        "consts",
        "template"
      ],
      "sourceRoot": "",
      "sources": [
        "/home/genia/devops/examples/tsjs/debug/my-first-project/src/app/app.component.html",
        "/home/genia/devops/examples/tsjs/debug/my-first-project/src/app/app.component.ts"
      ],
      "sourcesContent": [
        "<!-- * * * * * * * * * * * * * * * * * * * * * * * * * * * * * * * -->\n<!-- * * * * * * * * * * * The content below * * * * * * * * * * * -->\n<!-- * * * * * * * * * * is only a placeholder * * * * * * * * * * -->\n<!-- * * * * * * * * * * and can be replaced. * * * * * * * * * * * -->\n<!-- * * * * * * * * * * * * * * * * * * * * * * * * * * * * * * * -->\n<!-- * * * * * * * * * Delete the template below * * * * * * * * * * -->\n<!-- * * * * * * * to get started with your project! * * * * * * * * -->\n<!-- * * * * * * * * * * * * * * * * * * * * * * * * * * * * * * * -->\n\n<style>\n  :host {\n    font-family: -apple-system, BlinkMacSystemFont, \"Segoe UI\", Roboto, Helvetica, Arial, sans-serif, \"Apple Color Emoji\", \"Segoe UI Emoji\", \"Segoe UI Symbol\";\n    font-size: 14px;\n    color: #333;\n    box-sizing: border-box;\n    -webkit-font-smoothing: antialiased;\n    -moz-osx-font-smoothing: grayscale;\n  }\n\n  h1,\n  h2,\n  h3,\n  h4,\n  h5,\n  h6 {\n    margin: 8px 0;\n  }\n\n  p {\n    margin: 0;\n  }\n\n  .spacer {\n    flex: 1;\n  }\n\n  .toolbar {\n    position: absolute;\n    top: 0;\n    left: 0;\n    right: 0;\n    height: 60px;\n    display: flex;\n    align-items: center;\n    background-color: #1976d2;\n    color: white;\n    font-weight: 600;\n  }\n\n  .toolbar img {\n    margin: 0 16px;\n  }\n\n  .toolbar #twitter-logo {\n    height: 40px;\n    margin: 0 8px;\n  }\n\n  .toolbar #youtube-logo {\n    height: 40px;\n    margin: 0 16px;\n  }\n\n  .toolbar #twitter-logo:hover,\n  .toolbar #youtube-logo:hover {\n    opacity: 0.8;\n  }\n\n  .content {\n    display: flex;\n    margin: 82px auto 32px;\n    padding: 0 16px;\n    max-width: 960px;\n    flex-direction: column;\n    align-items: center;\n  }\n\n  svg.material-icons {\n    height: 24px;\n    width: auto;\n  }\n\n  svg.material-icons:not(:last-child) {\n    margin-right: 8px;\n  }\n\n  .card svg.material-icons path {\n    fill: #888;\n  }\n\n  .card-container {\n    display: flex;\n    flex-wrap: wrap;\n    justify-content: center;\n    margin-top: 16px;\n  }\n\n  .card {\n    all: unset;\n    border-radius: 4px;\n    border: 1px solid #eee;\n    background-color: #fafafa;\n    height: 40px;\n    width: 200px;\n    margin: 0 8px 16px;\n    padding: 16px;\n    display: flex;\n    flex-direction: row;\n    justify-content: center;\n    align-items: center;\n    transition: all 0.2s ease-in-out;\n    line-he
[...]
116-145.51-11.551-384.124,271.9-609.1C671.15,139.365,644.6,141,644.6,141Z\" transform=\"translate(-147.025 -140.939)\" fill=\"#f5f5f5\"/>\n    </svg>\n\n  </div>\n\n  <!-- Resources -->\n  <h2>Resources</h2>\n  <p>Here are some links to help you get started:</p>\n\n  <div class=\"card-container\">\n    <a class=\"card\" target=\"_blank\" rel=\"noopener\" href=\"https://angular.io/tutorial\">\n      <svg class=\"material-icons\" xmlns=\"http://www.w3.org/2000/svg\" width=\"24\" height=\"24\" viewBox=\"0 0 24 24\"><path d=\"M5 13.18v4L12 21l7-3.82v-4L12 17l-7-3.82zM12 3L1 9l11 6 9-4.91V17h2V9L12 3z\"/></svg>\n      <span>Learn Angular</span>\n      <svg class=\"material-icons\" xmlns=\"http://www.w3.org/2000/svg\" width=\"24\" height=\"24\" viewBox=\"0 0 24 24\"><path d=\"M10 6L8.59 7.41 13.17 12l-4.58 4.59L10 18l6-6z\"/></svg>    </a>\n\n    <a class=\"card\" target=\"_blank\" rel=\"noopener\" href=\"https://angular.io/cli\">\n      <svg class=\"material-icons\" xmlns=\"http://www.w3.org/2000/svg\" width=\"24\" height=\"24\" viewBox=\"0 0 24 24\"><path d=\"M9.4 16.6L4.8 12l4.6-4.6L8 6l-6 6 6 6 1.4-1.4zm5.2 0l4.6-4.6-4.6-4.6L16 6l6 6-6 6-1.4-1.4z\"/></svg>\n      <span>CLI Documentation</span>\n      <svg class=\"material-icons\" xmlns=\"http://www.w3.org/2000/svg\" width=\"24\" height=\"24\" viewBox=\"0 0 24 24\"><path d=\"M10 6L8.59 7.41 13.17 12l-4.58 4.59L10 18l6-6z\"/></svg>\n    </a>\n\n    <a class=\"card\" target=\"_blank\" rel=\"noopener\" href=\"https://material.angular.io\">\n      <svg xmlns=\"http://www.w3.org/2000/svg\" style=\"margin-right: 8px\" width=\"21.813\" height=\"23.453\" viewBox=\"0 0 179.2 192.7\"><path fill=\"#ffa726\" d=\"M89.4 0 0 32l13.5 118.4 75.9 42.3 76-42.3L179.2 32 89.4 0z\"/><path fill=\"#fb8c00\" d=\"M89.4 0v192.7l76-42.3L179.2 32 89.4 0z\"/><path fill=\"#ffe0b2\" d=\"m102.9 146.3-63.3-30.5 36.3-22.4 63.7 30.6-36.7 22.3z\"/><path fill=\"#fff3e0\" d=\"M102.9 122.8 39.6 92.2l36.3-22.3 63.7 30.6-36.7 22.3z\"/><path fill=\"#fff\" d=\"M102.9 99.3 39.6 68.7l36.3-22.4 63.7 30.6-36.7 22.4z\"/></svg>\n      <span>Angular Material</span>\n      <svg class=\"material-icons\" xmlns=\"http://www.w3.org/2000/svg\" width=\"24\" height=\"24\" viewBox=\"0 0 24 24\"><path d=\"M10 6L8.59 7.41 13.17 12l-4.58 4.59L10 18l6-6z\"/></svg>\n    </a>\n\n    <a class=\"card\" target=\"_blank\" rel=\"noopener\" href=\"https://blog.angular.io/\">\n      <svg class=\"material-icons\" xmlns=\"http://www.w3.org/2000/svg\" width=\"24\" height=\"24\" viewBox=\"0 0 24 24\"><path d=\"M13.5.67s.74 2.65.74 4.8c0 2.06-1.35 3.73-3.41 3.73-2.07 0-3.63-1.67-3.63-3.73l.03-.36C5.21 7.51 4 10.62 4 14c0 4.42 3.58 8 8 8s8-3.58 8-8C20 8.61 17.41 3.8 13.5.67zM11.71 19c-1.78 0-3.22-1.4-3.22-3.14 0-1.62 1.05-2.76 2.81-3.12 1.77-.36 3.6-1.21 4.62-2.58.39 1.29.59 2.65.59 4.04 0 2.65-2.15 4.8-4.8 4.8z\"/></svg>\n      <span>Angular Blog</span>\n      <svg class=\"material-icons\" xmlns=\"http://www.w3.org/2000/svg\" width=\"24\" height=\"24\" viewBox=\"0 0 24 24\"><path d=\"M10 6L8.59 7.41 13.17 12l-4.58 4.59L10 18l6-6z\"/></svg>\n    </a>\n\n    <a class=\"card\" target=\"_blank\" rel=\"noopener\" href=\"https://angular.io/devtools/\">\n      <svg class=\"material-icons\" xmlns=\"http://www.w3.org/2000/svg\" enable-background=\"new 0 0 24 24\" height=\"24px\" viewBox=\"0 0 24 24\" width=\"24px\" fill=\"#000000\"><g><rect fill=\"none\" height=\"24\" width=\"24\"/></g><g><g><path d=\"M14.73,13.31C15.52,12.24,16,10.93,16,9.5C16,5.91,13.09,3,9.5,3S3,5.91,3,9.5C3,13.09,5.91,16,9.5,16 c1.43,0,2.74-0.48,3.81-1.27L19.59,21L21,19.59L14.73,13.31z M9.5,14C7.01,14,5,11.99,5,9.5S7.01,5,9.5,5S14,7.01,14,9.5 S11.99,14,9.5,14z\"/><polygon points=\"10.29,8.44 9.5,6 8.71,8.44 6.25,8.44 8.26,10.03 7.49,12.5 9.5,10.97 11.51,12.5 10.74,10.03 12.75,8.44\"/></g></g></svg>\n      <span>Angular DevTools</span>\n      <svg class=\"material-icons\" xmlns=\"http://www.w3.org/2000/svg\" width=\"24\" height=\"24\" viewBox=\"0 0 24 24\"><path d=\"M10 6L8.59 7.41 13.17 12l-4.58 4.59L10 18l6-6z\"/></svg>\n    </a>\n\n  </div>\n\n  <!-- Next Steps -->\n  <h2>Next Steps</h2>\n  <p>What do you want to do next with your app?</p>\n\n  <input type=\"hidden\" #selection>\n\n  <div class=\"card-container\">\n    <button class=\"card card-small\" (click)=\"selection.value = 'component'\" tabindex=\"0\">\n      <svg class=\"material-icons\" xmlns=\"http://www.w3.org/2000/svg\" width=\"24\" height=\"24\" viewBox=\"0 0 24 24\"><path d=\"M19 13h-6v6h-2v-6H5v-2h6V5h2v6h6v2z\"/></svg>\n      <span>New Component</span>\n    </button>\n\n    <button class=\"card card-small\" (click)=\"selection.value = 'material'\" tabindex=\"0\">\n      <svg class=\"material-icons\" xmlns=\"http://www.w3.org/2000/svg\" width=\"24\" height=\"24\" viewBox=\"0 0 24 24\"><path d=\"M19 13h-6v6h-2v-6H5v-2h6V5h2v6h6v2z\"/></svg>\n      <span>Angular Material</span>\n    </button>\n\n    <button class=\"card card-small\" (click)=\"selection.value = 'pwa'\" tabindex=\"0\">\n      <svg class=\"material-icons\" xmlns=\"http://www.w3.org/2000/svg\" width=\"24\" height=\"24\" viewBox=\"0 0 24 24\"><path d=\"M19 13h-6v6h-2v-6H5v-2h6V5h2v6h6v2z\"/></svg>\n      <span>Add PWA Support</span>\n    </button>\n\n    <button class=\"card card-small\" (click)=\"selection.value = 'dependency'\" tabindex=\"0\">\n      <svg class=\"material-icons\" xmlns=\"http://www.w3.org/2000/svg\" width=\"24\" height=\"24\" viewBox=\"0 0 24 24\"><path d=\"M19 13h-6v6h-2v-6H5v-2h6V5h2v6h6v2z\"/></svg>\n      <span>Add Dependency</span>\n    </button>\n\n    <button class=\"card card-small\" (click)=\"selection.value = 'test'\" tabindex=\"0\">\n      <svg class=\"material-icons\" xmlns=\"http://www.w3.org/2000/svg\" width=\"24\" height=\"24\" viewBox=\"0 0 24 24\"><path d=\"M19 13h-6v6h-2v-6H5v-2h6V5h2v6h6v2z\"/></svg>\n      <span>Run and Watch Tests</span>\n    </button>\n\n    <button class=\"card card-small\" (click)=\"selection.value = 'build'\" tabindex=\"0\">\n      <svg class=\"material-icons\" xmlns=\"http://www.w3.org/2000/svg\" width=\"24\" height=\"24\" viewBox=\"0 0 24 24\"><path d=\"M19 13h-6v6h-2v-6H5v-2h6V5h2v6h6v2z\"/></svg>\n      <span>Build for Production</span>\n    </button>\n  </div>\n\n  <!-- Terminal -->\n  <div class=\"terminal\" [ngSwitch]=\"selection.value\">\n      <pre *ngSwitchDefault>ng generate component xyz</pre>\n      <pre *ngSwitchCase=\"'material'\">ng add @angular/material</pre>\n      <pre *ngSwitchCase=\"'pwa'\">ng add @angular/pwa</pre>\n      <pre *ngSwitchCase=\"'dependency'\">ng add _____</pre>\n      <pre *ngSwitchCase=\"'test'\">ng test</pre>\n      <pre *ngSwitchCase=\"'build'\">ng build</pre>\n  </div>\n\n  <!-- Links -->\n  <div class=\"card-container\">\n    <a class=\"circle-link\" title=\"Find a Local Meetup\" href=\"https://www.meetup.com/find/?keywords=angular\" target=\"_blank\" rel=\"noopener\">\n      <svg xmlns=\"http://www.w3.org/2000/svg\" width=\"24.607\" height=\"23.447\" viewBox=\"0 0 24.607 23.447\">\n        <title>Meetup Logo</title>\n        <path id=\"logo--mSwarm\" d=\"M21.221,14.95A4.393,4.393,0,0,1,17.6,19.281a4.452,4.452,0,0,1-.8.069c-.09,0-.125.035-.154.117a2.939,2.939,0,0,1-2.506,2.091,2.868,2.868,0,0,1-2.248-.624.168.168,0,0,0-.245-.005,3.926,3.926,0,0,1-2.589.741,4.015,4.015,0,0,1-3.7-3.347,2.7,2.7,0,0,1-.043-.38c0-.106-.042-.146-.143-.166a3.524,3.524,0,0,1-1.516-.69A3.623,3.623,0,0,1,2.23,14.557a3.66,3.66,0,0,1,1.077-3.085.138.138,0,0,0,.026-.2,3.348,3.348,0,0,1-.451-1.821,3.46,3.46,0,0,1,2.749-3.28.44.44,0,0,0,.355-.281,5.072,5.072,0,0,1,3.863-3,5.028,5.028,0,0,1,3.555.666.31.31,0,0,0,.271.03A4.5,4.5,0,0,1,18.3,4.7a4.4,4.4,0,0,1,1.334,2.751,3.658,3.658,0,0,1,.022.706.131.131,0,0,0,.1.157,2.432,2.432,0,0,1,1.574,1.645,2.464,2.464,0,0,1-.7,2.616c-.065.064-.051.1-.014.166A4.321,4.321,0,0,1,21.221,14.95ZM13.4,14.607a2.09,2.09,0,0,0,1.409,1.982,4.7,4.7,0,0,0,1.275.221,1.807,1.807,0,0,0,.9-.151.542.542,0,0,0,.321-.545.558.558,0,0,0-.359-.534,1.2,1.2,0,0,0-.254-.078c-.262-.047-.526-.086-.787-.138a.674.674,0,0,1-.617-.75,3.394,3.394,0,0,1,.218-1.109c.217-.658.509-1.286.79-1.918a15.609,15.609,0,0,0,.745-1.86,1.95,1.95,0,0,0,.06-1.073,1.286,1.286,0,0,0-1.051-1.033,1.977,1.977,0,0,0-1.521.2.339.339,0,0,1-.446-.042c-.1-.092-.2-.189-.307-.284a1.214,1.214,0,0,0-1.643-.061,7.563,7.563,0,0,1-.614.512A.588.588,0,0,1,10.883,8c-.215-.115-.437-.215-.659-.316a2.153,2.153,0,0,0-.695-.248A2.091,2.091,0,0,0,7.541,8.562a9.915,9.915,0,0,0-.405.986c-.559,1.545-1.015,3.123-1.487,4.7a1.528,1.528,0,0,0,.634,1.777,1.755,1.755,0,0,0,1.5.211,1.35,1.35,0,0,0,.824-.858c.543-1.281,1.032-2.584,1.55-3.875.142-.355.28-.712.432-1.064a.548.548,0,0,1,.851-.24.622.622,0,0,1,.185.539,2.161,2.161,0,0,1-.181.621c-.337.852-.68,1.7-1.018,2.552a2.564,2.564,0,0,0-.173.528.624.624,0,0,0,.333.71,1.073,1.073,0,0,0,.814.034,1.22,1.22,0,0,0,.657-.655q.758-1.488,1.511-2.978.35-.687.709-1.37a1.073,1.073,0,0,1,.357-.434.43.43,0,0,1,.463-.016.373.373,0,0,1,.153.387.7.7,0,0,1-.057.236c-.065.157-.127.316-.2.469-.42.883-.846,1.763-1.262,2.648A2.463,2.463,0,0,0,13.4,14.607Zm5.888,6.508a1.09,1.09,0,0,0-2.179.006,1.09,1.09,0,0,0,2.179-.006ZM1.028,12.139a1.038,1.038,0,1,0,.01-2.075,1.038,1.038,0,0,0-.01,2.075ZM13.782.528a1.027,1.027,0,1,0-.011,2.055A1.027,1.027,0,0,0,13.782.528ZM22.21,6.95a.882.882,0,0,0-1.763.011A.882.882,0,0,0,22.21,6.95ZM4.153,4.439a.785.785,0,1,0,.787-.78A.766.766,0,0,0,4.153,4.439Zm8.221,18.22a.676.676,0,1,0-.677.666A.671.671,0,0,0,12.374,22.658ZM22.872,12.2a.674.674,0,0,0-.665.665.656.656,0,0,0,.655.643.634.634,0,0,0,.655-.644A.654.654,0,0,0,22.872,12.2ZM7.171-.123A.546.546,0,0,0,6.613.43a.553.553,0,1,0,1.106,0A.539.539,0,0,0,7.171-.123ZM24.119,9.234a.507.507,0,0,0-.493.488.494.494,0,0,0,.494.494.48.48,0,0,0,.487-.483A.491.491,0,0,0,24.119,9.234Zm-19.454,9.7a.5.5,0,0,0-.488-.488.491.491,0,0,0-.487.5.483.483,0,0,0,.491.479A.49.49,0,0,0,4.665,18.936Z\" transform=\"translate(0 0.123)\" fill=\"#f64060\"/>\n      </svg>\n    </a>\n\n    <a class=\"circle-link\" title=\"Join the Conversation on Discord\" href=\"https://discord.gg/angular\" target=\"_blank\" rel=\"noopener\">\n      <svg xmlns=\"http://www.w3.org/2000/svg\" width=\"26\" height=\"26\" viewBox=\"0 0 245 240\">\n        <title>Discord Logo</title>\n        <path d=\"M104.4 103.9c-5.7 0-10.2 5-10.2 11.1s4.6 11.1 10.2 11.1c5.7 0 10.2-5 10.2-11.1.1-6.1-4.5-11.1-10.2-11.1zM140.9 103.9c-5.7 0-10.2 5-10.2 11.1s4.6 11.1 10.2 11.1c5.7 0 10.2-5 10.2-11.1s-4.5-11.1-10.2-11.1z\"/>\n        <path d=\"M189.5 20h-134C44.2 20 35 29.2 35 40.6v135.2c0 11.4 9.2 20.6 20.5 20.6h113.4l-5.3-18.5 12.8 11.9 12.1 11.2 21.5 19V40.6c0-11.4-9.2-20.6-20.5-20.6zm-38.6 130.6s-3.6-4.3-6.6-8.1c13.1-3.7 18.1-11.9 18.1-11.9-4.1 2.7-8 4.6-11.5 5.9-5 2.1-9.8 3.5-14.5 4.3-9.6 1.8-18.4 1.3-25.9-.1-5.7-1.1-10.6-2.7-14.7-4.3-2.3-.9-4.8-2-7.3-3.4-.3-.2-.6-.3-.9-.5-.2-.1-.3-.2-.4-.3-1.8-1-2.8-1.7-2.8-1.7s4.8 8 17.5 11.8c-3 3.8-6.7 8.3-6.7 8.3-22.1-.7-30.5-15.2-30.5-15.2 0-32.2 14.4-58.3 14.4-58.3 14.4-10.8 28.1-10.5 28.1-10.5l1 1.2c-18 5.2-26.3 13.1-26.3 13.1s2.2-1.2 5.9-2.9c10.7-4.7 19.2-6 22.7-6.3.6-.1 1.1-.2 1.7-.2 6.1-.8 13-1 20.2-.2 9.5 1.1 19.7 3.9 30.1 9.6 0 0-7.9-7.5-24.9-12.7l1.4-1.6s13.7-.3 28.1 10.5c0 0 14.4 26.1 14.4 58.3 0 0-8.5 14.5-30.6 15.2z\"/>\n      </svg>\n    </a>\n  </div>\n\n  <!-- Footer -->\n  <footer>\n      Love Angular?&nbsp;\n      <a href=\"https://github.com/angular/angular\" target=\"_blank\" rel=\"noopener\"> Give our repo a star.\n        <div class=\"github-star-badge\">\n            <svg class=\"material-icons\" xmlns=\"http://www.w3.org/2000/svg\" width=\"24\" height=\"24\" viewBox=\"0 0 24 24\"><path d=\"M0 0h24v24H0z\" fill=\"none\"/><path d=\"M12 17.27L18.18 21l-1.64-7.03L22 9.24l-7.19-.61L12 2 9.19 8.63 2 9.24l5.46 4.73L5.82 21z\"/></svg>\n          Star\n        </div>\n      </a>\n      <a href=\"https://github.com/angular/angular\" target=\"_blank\" rel=\"noopener\">\n        <svg class=\"material-icons\" xmlns=\"http://www.w3.org/2000/svg\" width=\"24\" height=\"24\" viewBox=\"0 0 24 24\"><path d=\"M10 6L8.59 7.41 13.17 12l-4.58 4.59L10 18l6-6z\" fill=\"#1976d2\"/><path d=\"M0 0h24v24H0z\" fill=\"none\"/></svg>\n      </a>\n  </footer>\n\n  <svg id=\"clouds\" xmlns=\"http://www.w3.org/2000/svg\" width=\"2611.084\" height=\"485.677\" viewBox=\"0 0 2611.084 485.677\">\n    <title>Gray Clouds Background</title>\n    <path id=\"Path_39\" data-name=\"Path 39\" d=\"M2379.709,863.793c10-93-77-171-168-149-52-114-225-105-264,15-75,3-140,59-152,133-30,2.83-66.725,9.829-93.5,26.25-26.771-16.421-63.5-23.42-93.5-26.25-12-74-77-130-152-133-39-120-212-129-264-15-54.084-13.075-106.753,9.173-138.488,48.9-31.734-39.726-84.4-61.974-138.487-48.9-52-114-225-105-264,15a162.027,162.027,0,0,0-103.147,43.044c-30.633-45.365-87.1-72.091-145.206-58.044-52-114-225-105-264,15-75,3-140,59-152,133-53,5-127,23-130,83-2,42,35,72,70,86,49,20,106,18,157,5a165.625,165.625,0,0,0,120,0c47,94,178,113,251,33,61.112,8.015,113.854-5.72,150.492-29.764a165.62,165.62,0,0,0,110.861-3.236c47,94,178,113,251,33,31.385,4.116,60.563,2.495,86.487-3.311,25.924,5.806,55.1,7.427,86.488,3.311,73,80,204,61,251-33a165.625,165.625,0,0,0,120,0c51,13,108,15,157-5a147.188,147.188,0,0,0,33.5-18.694,147.217,147.217,0,0,0,33.5,18.694c49,20,106,18,157,5a165.625,165.625,0,0,0,120,0c47,94,178,113,251,33C2446.709,1093.793,2554.709,922.793,2379.709,863.793Z\" transform=\"translate(142.69 -634.312)\" fill=\"#eee\"/>\n  </svg>\n\n</div>\n\n<!-- * * * * * * * * * * * * * * * * * * * * * * * * * * * * * * * -->\n<!-- * * * * * * * * * * * The content above * * * * * * * * * * * -->\n<!-- * * * * * * * * * * is only a placeholder * * * * * * * * * * -->\n<!-- * * * * * * * * * * and can be replaced. * * * * * * * * * * * -->\n<!-- * * * * * * * * * * * * * * * * * * * * * * * * * * * * * * * -->\n<!-- * * * * * * * * * * End of Placeholder * * * * * * * * * * * -->\n<!-- * * * * * * * * * * * * * * * * * * * * * * * * * * * * * * * -->\n\n<router-outlet></router-outlet>\n",
        "import { Component } from '@angular/core';\n\n@Component({\n  selector: 'app-root',\n  templateUrl: './app.component.html',\n  styleUrls: ['./app.component.scss']\n})\nexport class AppComponent {\n  title = 'my-first-project';\n}\n"
      ]
    },
    "_coverageSchema": "1a1c01bbd47fc00a2c39e90264f33305004495a9",
    "hash": "b44349beae1053f33111468d5ca00fa61cb6c11b"
  },
  "/home/genia/devops/examples/tsjs/debug/my-first-project/src/app/app.module.ts": {
    "path": "/home/genia/devops/examples/tsjs/debug/my-first-project/src/app/app.module.ts",
    "statementMap": {
      "0": {
        "start": {
          "line": 6,
          "column": 0
        },
        "end": {
          "line": 8,
          "column": 2
        }
      },
      "1": {
        "start": {
          "line": 7,
          "column": 2
        },
        "end": {
          "line": 7,
          "column": 32
        }
      },
      "2": {
        "start": {
          "line": 9,
          "column": 0
        },
        "end": {
          "line": 12,
          "column": 3
        }
      },
      "3": {
        "start": {
          "line": 13,
          "column": 0
        },
        "end": {
          "line": 15,
          "column": 3
        }
      }
    },
    "fnMap": {
      "0": {
        "name": "AppModule_Factory",
        "decl": {
          "start": {
            "line": 6,
            "column": 26
          },
          "end": {
            "line": 6,
            "column": 43
          }
        },
        "loc": {
          "start": {
            "line": 6,
            "column": 47
          },
          "end": {
            "line": 8,
            "column": 1
          }
        },
        "line": 6
      }
    },
    "branchMap": {
      "0": {
        "loc": {
          "start": {
            "line": 7,
            "column": 14
          },
          "end": {
            "line": 7,
            "column": 28
          }
        },
        "type": "binary-expr",
        "locations": [
          {
            "start": {
              "line": 7,
              "column": 14
            },
            "end": {
              "line": 7,
              "column": 15
            }
          },
          {
            "start": {
              "line": 7,
              "column": 19
            },
            "end": {
              "line": 7,
              "column": 28
            }
          }
        ],
        "line": 7
      }
    },
    "s": {
      "0": 2,
      "1": 2,
      "2": 2,
      "3": 2
    },
    "f": {
      "0": 2
    },
    "b": {
      "0": [
        2,
        2
      ]
    },
    "inputSourceMap": {
      "version": 3,
      "mappings": "AACA,SAASA,aAAa,QAAQ,2BAA2B;AAEzD,SAASC,gBAAgB,QAAQ,sBAAsB;AACvD,SAASC,YAAY,QAAQ,iBAAiB;;AAa9C,OAAM,MAAOC,SAAS;AAATA,SAAS;mBAATA,SAAS;AAAA;AAATA,SAAS;QAATA,SAAS;EAAAC,YAFRF,YAAY;AAAA;AAEbC,SAAS;YANlBH,aAAa,EACbC,gBAAgB;AAAA",
      "names": [
        "BrowserModule",
        "AppRoutingModule",
        "AppComponent",
        "AppModule",
        "bootstrap"
      ],
      "sourceRoot": "",
      "sources": [
        "/home/genia/devops/examples/tsjs/debug/my-first-project/src/app/app.module.ts"
      ],
      "sourcesContent": [
        "import { NgModule } from '@angular/core';\nimport { BrowserModule } from '@angular/platform-browser';\n\nimport { AppRoutingModule } from './app-routing.module';\nimport { AppComponent } from './app.component';\n\n@NgModule({\n  declarations: [\n    AppComponent\n  ],\n  imports: [\n    BrowserModule,\n    AppRoutingModule\n  ],\n  providers: [],\n  bootstrap: [AppComponent]\n})\nexport class AppModule { }\n"
      ]
    },
    "_coverageSchema": "1a1c01bbd47fc00a2c39e90264f33305004495a9",
    "hash": "f5acb8c81bb6b886d9e2084408991068294e07a7"
  },
  "/home/genia/devops/examples/tsjs/debug/my-first-project/src/main.ts": {
    "path": "/home/genia/devops/examples/tsjs/debug/my-first-project/src/main.ts",
    "statementMap": {
      "0": {
        "start": {
          "line": 3,
          "column": 0
        },
        "end": {
          "line": 3,
          "column": 98
        }
      },
      "1": {
        "start": {
          "line": 3,
          "column": 78
        },
        "end": {
          "line": 3,
          "column": 96
        }
      }
    },
    "fnMap": {
      "0": {
        "name": "(anonymous_0)",
        "decl": {
          "start": {
            "line": 3,
            "column": 71
          },
          "end": {
            "line": 3,
            "column": 72
          }
        },
        "loc": {
          "start": {
            "line": 3,
            "column": 78
          },
          "end": {
            "line": 3,
            "column": 96
          }
        },
        "line": 3
      }
    },
    "branchMap": {},
    "s": {
      "0": 2,
      "1": 0
    },
    "f": {
      "0": 0
    },
    "b": {},
    "inputSourceMap": {
      "version": 3,
      "mappings": ";AAEA,SAASA,SAAS,QAAQ,kBAAkB;AAG5CC,qCAAwB,CAACC,eAAe,CAACF,SAAS,CAAC,CAChDG,KAAK,CAACC,GAAG,IAAIC,OAAO,CAACC,KAAK,CAACF,GAAG,CAAC,CAAC",
      "names": [
        "AppModule",
        "__NgCli_bootstrap_1",
        "bootstrapModule",
        "catch",
        "err",
        "console",
        "error"
      ],
      "sourceRoot": "",
      "sources": [
        "/home/genia/devops/examples/tsjs/debug/my-first-project/src/main.ts"
      ],
      "sourcesContent": [
        "import { platformBrowserDynamic } from '@angular/platform-browser-dynamic';\n\nimport { AppModule } from './app/app.module';\n\n\nplatformBrowserDynamic().bootstrapModule(AppModule)\n  .catch(err => console.error(err));\n"
      ]
    },
    "_coverageSchema": "1a1c01bbd47fc00a2c39e90264f33305004495a9",
    "hash": "1444835677ca2b38a53423cb14f57732a6974890"
  },
  "/home/genia/devops/examples/tsjs/debug/my-first-project/cypress.config.ts": {
    "path": "/home/genia/devops/examples/tsjs/debug/my-first-project/cypress.config.ts",
    "statementMap": {},
    "fnMap": {},
    "branchMap": {},
    "s": {},
    "f": {},
    "b": {}
  }
}
